\BOOKMARK [0][-]{chapter.1}{\376\377\0001\000\040\000s\000t\000e\000g\000a\000n\000o\000M\000e\000s\000s\000a\000g\000e}{}% 1
\BOOKMARK [0][-]{chapter.2}{\376\377\0002\000\040\000C\000l\000a\000s\000s\000\040\000I\000n\000d\000e\000x}{}% 2
\BOOKMARK [1][-]{section.2.1}{\376\377\0002\000.\0001\000\040\000C\000l\000a\000s\000s\000\040\000L\000i\000s\000t}{chapter.2}% 3
\BOOKMARK [0][-]{chapter.3}{\376\377\0003\000\040\000F\000i\000l\000e\000\040\000I\000n\000d\000e\000x}{}% 4
\BOOKMARK [1][-]{section.3.1}{\376\377\0003\000.\0001\000\040\000F\000i\000l\000e\000\040\000L\000i\000s\000t}{chapter.3}% 5
\BOOKMARK [0][-]{chapter.4}{\376\377\0004\000\040\000C\000l\000a\000s\000s\000\040\000D\000o\000c\000u\000m\000e\000n\000t\000a\000t\000i\000o\000n}{}% 6
\BOOKMARK [1][-]{section.4.1}{\376\377\0004\000.\0001\000\040\000B\000i\000t\000m\000a\000p\000A\000r\000r\000a\000y\000\040\000C\000l\000a\000s\000s\000\040\000R\000e\000f\000e\000r\000e\000n\000c\000e}{chapter.4}% 7
\BOOKMARK [2][-]{subsection.4.1.1}{\376\377\0004\000.\0001\000.\0001\000\040\000D\000e\000t\000a\000i\000l\000e\000d\000\040\000D\000e\000s\000c\000r\000i\000p\000t\000i\000o\000n}{section.4.1}% 8
\BOOKMARK [2][-]{subsection.4.1.2}{\376\377\0004\000.\0001\000.\0002\000\040\000C\000o\000n\000s\000t\000r\000u\000c\000t\000o\000r\000\040\000\046\000\040\000D\000e\000s\000t\000r\000u\000c\000t\000o\000r\000\040\000D\000o\000c\000u\000m\000e\000n\000t\000a\000t\000i\000o\000n}{section.4.1}% 9
\BOOKMARK [3][-]{subsubsection.4.1.2.1}{\376\377\0004\000.\0001\000.\0002\000.\0001\000\040\000B\000i\000t\000m\000a\000p\000A\000r\000r\000a\000y\000\050\000\051\000\040\000[\0001\000/\0003\000]}{subsection.4.1.2}% 10
\BOOKMARK [3][-]{subsubsection.4.1.2.2}{\376\377\0004\000.\0001\000.\0002\000.\0002\000\040\000B\000i\000t\000m\000a\000p\000A\000r\000r\000a\000y\000\050\000\051\000\040\000[\0002\000/\0003\000]}{subsection.4.1.2}% 11
\BOOKMARK [3][-]{subsubsection.4.1.2.3}{\376\377\0004\000.\0001\000.\0002\000.\0003\000\040\000B\000i\000t\000m\000a\000p\000A\000r\000r\000a\000y\000\050\000\051\000\040\000[\0003\000/\0003\000]}{subsection.4.1.2}% 12
\BOOKMARK [3][-]{subsubsection.4.1.2.4}{\376\377\0004\000.\0001\000.\0002\000.\0004\000\040\000\040\000B\000i\000t\000m\000a\000p\000A\000r\000r\000a\000y\000\050\000\051}{subsection.4.1.2}% 13
\BOOKMARK [2][-]{subsection.4.1.3}{\376\377\0004\000.\0001\000.\0003\000\040\000M\000e\000m\000b\000e\000r\000\040\000F\000u\000n\000c\000t\000i\000o\000n\000\040\000D\000o\000c\000u\000m\000e\000n\000t\000a\000t\000i\000o\000n}{section.4.1}% 14
\BOOKMARK [3][-]{subsubsection.4.1.3.1}{\376\377\0004\000.\0001\000.\0003\000.\0001\000\040\000g\000e\000n\000I\000n\000t\000\050\000\051}{subsection.4.1.3}% 15
\BOOKMARK [3][-]{subsubsection.4.1.3.2}{\376\377\0004\000.\0001\000.\0003\000.\0002\000\040\000g\000e\000t\000B\000D\000a\000t\000a\000\050\000\051}{subsection.4.1.3}% 16
\BOOKMARK [3][-]{subsubsection.4.1.3.3}{\376\377\0004\000.\0001\000.\0003\000.\0003\000\040\000i\000n\000f\000u\000s\000e\000\050\000\051}{subsection.4.1.3}% 17
\BOOKMARK [3][-]{subsubsection.4.1.3.4}{\376\377\0004\000.\0001\000.\0003\000.\0004\000\040\000p\000r\000i\000n\000t\000A\000r\000r\000a\000y\000\050\000\051\000\040\000[\0001\000/\0002\000]}{subsection.4.1.3}% 18
\BOOKMARK [3][-]{subsubsection.4.1.3.5}{\376\377\0004\000.\0001\000.\0003\000.\0005\000\040\000p\000r\000i\000n\000t\000A\000r\000r\000a\000y\000\050\000\051\000\040\000[\0002\000/\0002\000]}{subsection.4.1.3}% 19
\BOOKMARK [3][-]{subsubsection.4.1.3.6}{\376\377\0004\000.\0001\000.\0003\000.\0006\000\040\000r\000e\000a\000d\000\050\000\051}{subsection.4.1.3}% 20
\BOOKMARK [3][-]{subsubsection.4.1.3.7}{\376\377\0004\000.\0001\000.\0003\000.\0007\000\040\000r\000e\000a\000d\000A\000r\000r\000a\000y\000\050\000\051}{subsection.4.1.3}% 21
\BOOKMARK [2][-]{subsection.4.1.4}{\376\377\0004\000.\0001\000.\0004\000\040\000M\000e\000m\000b\000e\000r\000\040\000D\000a\000t\000a\000\040\000D\000o\000c\000u\000m\000e\000n\000t\000a\000t\000i\000o\000n}{section.4.1}% 22
\BOOKMARK [3][-]{subsubsection.4.1.4.1}{\376\377\0004\000.\0001\000.\0004\000.\0001\000\040\000b\000D\000a\000t\000a}{subsection.4.1.4}% 23
\BOOKMARK [3][-]{subsubsection.4.1.4.2}{\376\377\0004\000.\0001\000.\0004\000.\0002\000\040\000b\000i\000t\000C\000o\000u\000n\000t}{subsection.4.1.4}% 24
\BOOKMARK [3][-]{subsubsection.4.1.4.3}{\376\377\0004\000.\0001\000.\0004\000.\0003\000\040\000b\000i\000t\000O\000f\000f\000s\000e\000t}{subsection.4.1.4}% 25
\BOOKMARK [3][-]{subsubsection.4.1.4.4}{\376\377\0004\000.\0001\000.\0004\000.\0004\000\040\000h\000e\000i\000g\000h\000t}{subsection.4.1.4}% 26
\BOOKMARK [3][-]{subsubsection.4.1.4.5}{\376\377\0004\000.\0001\000.\0004\000.\0005\000\040\000p\000a\000t\000h}{subsection.4.1.4}% 27
\BOOKMARK [3][-]{subsubsection.4.1.4.6}{\376\377\0004\000.\0001\000.\0004\000.\0006\000\040\000w\000i\000d\000t\000h}{subsection.4.1.4}% 28
\BOOKMARK [1][-]{section.4.2}{\376\377\0004\000.\0002\000\040\000B\000i\000t\000m\000a\000p\000H\000e\000a\000d\000e\000r\000\040\000C\000l\000a\000s\000s\000\040\000R\000e\000f\000e\000r\000e\000n\000c\000e}{chapter.4}% 29
\BOOKMARK [2][-]{subsection.4.2.1}{\376\377\0004\000.\0002\000.\0001\000\040\000D\000e\000t\000a\000i\000l\000e\000d\000\040\000D\000e\000s\000c\000r\000i\000p\000t\000i\000o\000n}{section.4.2}% 30
\BOOKMARK [2][-]{subsection.4.2.2}{\376\377\0004\000.\0002\000.\0002\000\040\000C\000o\000n\000s\000t\000r\000u\000c\000t\000o\000r\000\040\000\046\000\040\000D\000e\000s\000t\000r\000u\000c\000t\000o\000r\000\040\000D\000o\000c\000u\000m\000e\000n\000t\000a\000t\000i\000o\000n}{section.4.2}% 31
\BOOKMARK [3][-]{subsubsection.4.2.2.1}{\376\377\0004\000.\0002\000.\0002\000.\0001\000\040\000B\000i\000t\000m\000a\000p\000H\000e\000a\000d\000e\000r\000\050\000\051\000\040\000[\0001\000/\0004\000]}{subsection.4.2.2}% 32
\BOOKMARK [3][-]{subsubsection.4.2.2.2}{\376\377\0004\000.\0002\000.\0002\000.\0002\000\040\000B\000i\000t\000m\000a\000p\000H\000e\000a\000d\000e\000r\000\050\000\051\000\040\000[\0002\000/\0004\000]}{subsection.4.2.2}% 33
\BOOKMARK [3][-]{subsubsection.4.2.2.3}{\376\377\0004\000.\0002\000.\0002\000.\0003\000\040\000B\000i\000t\000m\000a\000p\000H\000e\000a\000d\000e\000r\000\050\000\051\000\040\000[\0003\000/\0004\000]}{subsection.4.2.2}% 34
\BOOKMARK [3][-]{subsubsection.4.2.2.4}{\376\377\0004\000.\0002\000.\0002\000.\0004\000\040\000B\000i\000t\000m\000a\000p\000H\000e\000a\000d\000e\000r\000\050\000\051\000\040\000[\0004\000/\0004\000]}{subsection.4.2.2}% 35
\BOOKMARK [3][-]{subsubsection.4.2.2.5}{\376\377\0004\000.\0002\000.\0002\000.\0005\000\040\000\040\000B\000i\000t\000m\000a\000p\000H\000e\000a\000d\000e\000r\000\050\000\051}{subsection.4.2.2}% 36
\BOOKMARK [2][-]{subsection.4.2.3}{\376\377\0004\000.\0002\000.\0003\000\040\000M\000e\000m\000b\000e\000r\000\040\000F\000u\000n\000c\000t\000i\000o\000n\000\040\000D\000o\000c\000u\000m\000e\000n\000t\000a\000t\000i\000o\000n}{section.4.2}% 37
\BOOKMARK [3][-]{subsubsection.4.2.3.1}{\376\377\0004\000.\0002\000.\0003\000.\0001\000\040\000f\000i\000x\000T\000y\000p\000e\000\050\000\051}{subsection.4.2.3}% 38
\BOOKMARK [3][-]{subsubsection.4.2.3.2}{\376\377\0004\000.\0002\000.\0003\000.\0002\000\040\000g\000e\000t\000B\000i\000S\000i\000z\000e\000\050\000\051}{subsection.4.2.3}% 39
\BOOKMARK [3][-]{subsubsection.4.2.3.3}{\376\377\0004\000.\0002\000.\0003\000.\0003\000\040\000g\000e\000t\000B\000i\000t\000C\000o\000u\000n\000t\000\050\000\051}{subsection.4.2.3}% 40
\BOOKMARK [3][-]{subsubsection.4.2.3.4}{\376\377\0004\000.\0002\000.\0003\000.\0004\000\040\000g\000e\000t\000H\000e\000a\000d\000e\000r\000\050\000\051}{subsection.4.2.3}% 41
\BOOKMARK [3][-]{subsubsection.4.2.3.5}{\376\377\0004\000.\0002\000.\0003\000.\0005\000\040\000g\000e\000t\000H\000e\000i\000g\000h\000t\000\050\000\051}{subsection.4.2.3}% 42
\BOOKMARK [3][-]{subsubsection.4.2.3.6}{\376\377\0004\000.\0002\000.\0003\000.\0006\000\040\000g\000e\000t\000O\000f\000f\000B\000i\000t\000s\000\050\000\051}{subsection.4.2.3}% 43
\BOOKMARK [3][-]{subsubsection.4.2.3.7}{\376\377\0004\000.\0002\000.\0003\000.\0007\000\040\000g\000e\000t\000S\000i\000z\000e\000\050\000\051}{subsection.4.2.3}% 44
\BOOKMARK [3][-]{subsubsection.4.2.3.8}{\376\377\0004\000.\0002\000.\0003\000.\0008\000\040\000g\000e\000t\000S\000i\000z\000e\000I\000m\000a\000g\000e\000\050\000\051}{subsection.4.2.3}% 45
\BOOKMARK [3][-]{subsubsection.4.2.3.9}{\376\377\0004\000.\0002\000.\0003\000.\0009\000\040\000g\000e\000t\000W\000i\000d\000t\000h\000\050\000\051}{subsection.4.2.3}% 46
\BOOKMARK [3][-]{subsubsection.4.2.3.10}{\376\377\0004\000.\0002\000.\0003\000.\0001\0000\000\040\000p\000r\000i\000n\000t\000H\000e\000a\000d\000e\000r\000\050\000\051}{subsection.4.2.3}% 47
\BOOKMARK [3][-]{subsubsection.4.2.3.11}{\376\377\0004\000.\0002\000.\0003\000.\0001\0001\000\040\000r\000e\000a\000d\000\050\000\051}{subsection.4.2.3}% 48
\BOOKMARK [3][-]{subsubsection.4.2.3.12}{\376\377\0004\000.\0002\000.\0003\000.\0001\0002\000\040\000r\000e\000a\000d\000H\000e\000a\000d\000e\000r\000\050\000\051\000\040\000[\0001\000/\0002\000]}{subsection.4.2.3}% 49
\BOOKMARK [3][-]{subsubsection.4.2.3.13}{\376\377\0004\000.\0002\000.\0003\000.\0001\0003\000\040\000r\000e\000a\000d\000H\000e\000a\000d\000e\000r\000\050\000\051\000\040\000[\0002\000/\0002\000]}{subsection.4.2.3}% 50
\BOOKMARK [2][-]{subsection.4.2.4}{\376\377\0004\000.\0002\000.\0004\000\040\000M\000e\000m\000b\000e\000r\000\040\000D\000a\000t\000a\000\040\000D\000o\000c\000u\000m\000e\000n\000t\000a\000t\000i\000o\000n}{section.4.2}% 51
\BOOKMARK [3][-]{subsubsection.4.2.4.1}{\376\377\0004\000.\0002\000.\0004\000.\0001\000\040\000b\000f\000O\000f\000f\000B\000i\000t\000s}{subsection.4.2.4}% 52
\BOOKMARK [3][-]{subsubsection.4.2.4.2}{\376\377\0004\000.\0002\000.\0004\000.\0002\000\040\000b\000f\000R\000e\000s\000e\000r\000v\000e\000d}{subsection.4.2.4}% 53
\BOOKMARK [3][-]{subsubsection.4.2.4.3}{\376\377\0004\000.\0002\000.\0004\000.\0003\000\040\000b\000f\000S\000i\000z\000e}{subsection.4.2.4}% 54
\BOOKMARK [3][-]{subsubsection.4.2.4.4}{\376\377\0004\000.\0002\000.\0004\000.\0004\000\040\000b\000f\000T\000y\000p\000e}{subsection.4.2.4}% 55
\BOOKMARK [3][-]{subsubsection.4.2.4.5}{\376\377\0004\000.\0002\000.\0004\000.\0005\000\040\000b\000f\000T\000y\000p\000e\000A}{subsection.4.2.4}% 56
\BOOKMARK [3][-]{subsubsection.4.2.4.6}{\376\377\0004\000.\0002\000.\0004\000.\0006\000\040\000b\000f\000T\000y\000p\000e\000B}{subsection.4.2.4}% 57
\BOOKMARK [3][-]{subsubsection.4.2.4.7}{\376\377\0004\000.\0002\000.\0004\000.\0007\000\040\000b\000i\000B\000i\000t\000C\000o\000u\000n\000t}{subsection.4.2.4}% 58
\BOOKMARK [3][-]{subsubsection.4.2.4.8}{\376\377\0004\000.\0002\000.\0004\000.\0008\000\040\000b\000i\000C\000l\000r\000I\000m\000p\000o\000r\000t\000a\000n\000t}{subsection.4.2.4}% 59
\BOOKMARK [3][-]{subsubsection.4.2.4.9}{\376\377\0004\000.\0002\000.\0004\000.\0009\000\040\000b\000i\000C\000l\000r\000U\000s\000e\000d}{subsection.4.2.4}% 60
\BOOKMARK [3][-]{subsubsection.4.2.4.10}{\376\377\0004\000.\0002\000.\0004\000.\0001\0000\000\040\000b\000i\000C\000o\000m\000p\000r\000e\000s\000s\000i\000o\000n}{subsection.4.2.4}% 61
\BOOKMARK [3][-]{subsubsection.4.2.4.11}{\376\377\0004\000.\0002\000.\0004\000.\0001\0001\000\040\000b\000i\000H\000e\000i\000g\000h\000t}{subsection.4.2.4}% 62
\BOOKMARK [3][-]{subsubsection.4.2.4.12}{\376\377\0004\000.\0002\000.\0004\000.\0001\0002\000\040\000b\000i\000P\000l\000a\000n\000e\000s}{subsection.4.2.4}% 63
\BOOKMARK [3][-]{subsubsection.4.2.4.13}{\376\377\0004\000.\0002\000.\0004\000.\0001\0003\000\040\000b\000i\000S\000i\000z\000e}{subsection.4.2.4}% 64
\BOOKMARK [3][-]{subsubsection.4.2.4.14}{\376\377\0004\000.\0002\000.\0004\000.\0001\0004\000\040\000b\000i\000S\000i\000z\000e\000I\000m\000a\000g\000e}{subsection.4.2.4}% 65
\BOOKMARK [3][-]{subsubsection.4.2.4.15}{\376\377\0004\000.\0002\000.\0004\000.\0001\0005\000\040\000b\000i\000W\000i\000d\000t\000h}{subsection.4.2.4}% 66
\BOOKMARK [3][-]{subsubsection.4.2.4.16}{\376\377\0004\000.\0002\000.\0004\000.\0001\0006\000\040\000b\000i\000X\000P\000e\000l\000s\000P\000e\000r\000M\000e\000t\000e\000r}{subsection.4.2.4}% 67
\BOOKMARK [3][-]{subsubsection.4.2.4.17}{\376\377\0004\000.\0002\000.\0004\000.\0001\0007\000\040\000b\000i\000Y\000P\000e\000l\000s\000P\000e\000r\000M\000e\000t\000e\000r}{subsection.4.2.4}% 68
\BOOKMARK [3][-]{subsubsection.4.2.4.18}{\376\377\0004\000.\0002\000.\0004\000.\0001\0008\000\040\000h\000e\000a\000d\000e\000r\000S\000t\000r\000e\000a\000m}{subsection.4.2.4}% 69
\BOOKMARK [3][-]{subsubsection.4.2.4.19}{\376\377\0004\000.\0002\000.\0004\000.\0001\0009\000\040\000p\000a\000t\000h}{subsection.4.2.4}% 70
\BOOKMARK [1][-]{section.4.3}{\376\377\0004\000.\0003\000\040\000E\000r\000r\000o\000r\000H\000a\000n\000d\000l\000e\000r\000\040\000C\000l\000a\000s\000s\000\040\000R\000e\000f\000e\000r\000e\000n\000c\000e}{chapter.4}% 71
\BOOKMARK [2][-]{subsection.4.3.1}{\376\377\0004\000.\0003\000.\0001\000\040\000D\000e\000t\000a\000i\000l\000e\000d\000\040\000D\000e\000s\000c\000r\000i\000p\000t\000i\000o\000n}{section.4.3}% 72
\BOOKMARK [2][-]{subsection.4.3.2}{\376\377\0004\000.\0003\000.\0002\000\040\000C\000o\000n\000s\000t\000r\000u\000c\000t\000o\000r\000\040\000\046\000\040\000D\000e\000s\000t\000r\000u\000c\000t\000o\000r\000\040\000D\000o\000c\000u\000m\000e\000n\000t\000a\000t\000i\000o\000n}{section.4.3}% 73
\BOOKMARK [3][-]{subsubsection.4.3.2.1}{\376\377\0004\000.\0003\000.\0002\000.\0001\000\040\000E\000r\000r\000o\000r\000H\000a\000n\000d\000l\000e\000r\000\050\000\051\000\040\000[\0001\000/\0002\000]}{subsection.4.3.2}% 74
\BOOKMARK [3][-]{subsubsection.4.3.2.2}{\376\377\0004\000.\0003\000.\0002\000.\0002\000\040\000E\000r\000r\000o\000r\000H\000a\000n\000d\000l\000e\000r\000\050\000\051\000\040\000[\0002\000/\0002\000]}{subsection.4.3.2}% 75
\BOOKMARK [3][-]{subsubsection.4.3.2.3}{\376\377\0004\000.\0003\000.\0002\000.\0003\000\040\000\040\000E\000r\000r\000o\000r\000H\000a\000n\000d\000l\000e\000r\000\050\000\051}{subsection.4.3.2}% 76
\BOOKMARK [2][-]{subsection.4.3.3}{\376\377\0004\000.\0003\000.\0003\000\040\000M\000e\000m\000b\000e\000r\000\040\000F\000u\000n\000c\000t\000i\000o\000n\000\040\000D\000o\000c\000u\000m\000e\000n\000t\000a\000t\000i\000o\000n}{section.4.3}% 77
\BOOKMARK [3][-]{subsubsection.4.3.3.1}{\376\377\0004\000.\0003\000.\0003\000.\0001\000\040\000p\000r\000i\000n\000t\000A\000l\000l\000E\000r\000r\000o\000r\000s\000\050\000\051}{subsection.4.3.3}% 78
\BOOKMARK [3][-]{subsubsection.4.3.3.2}{\376\377\0004\000.\0003\000.\0003\000.\0002\000\040\000p\000r\000i\000n\000t\000E\000r\000r\000o\000r\000\050\000\051}{subsection.4.3.3}% 79
\BOOKMARK [2][-]{subsection.4.3.4}{\376\377\0004\000.\0003\000.\0004\000\040\000M\000e\000m\000b\000e\000r\000\040\000D\000a\000t\000a\000\040\000D\000o\000c\000u\000m\000e\000n\000t\000a\000t\000i\000o\000n}{section.4.3}% 80
\BOOKMARK [3][-]{subsubsection.4.3.4.1}{\376\377\0004\000.\0003\000.\0004\000.\0001\000\040\000e\000r\000r\000o\000r\000O\000u\000t}{subsection.4.3.4}% 81
\BOOKMARK [1][-]{section.4.4}{\376\377\0004\000.\0004\000\040\000I\000m\000a\000g\000e\000\040\000C\000l\000a\000s\000s\000\040\000R\000e\000f\000e\000r\000e\000n\000c\000e}{chapter.4}% 82
\BOOKMARK [2][-]{subsection.4.4.1}{\376\377\0004\000.\0004\000.\0001\000\040\000D\000e\000t\000a\000i\000l\000e\000d\000\040\000D\000e\000s\000c\000r\000i\000p\000t\000i\000o\000n}{section.4.4}% 83
\BOOKMARK [2][-]{subsection.4.4.2}{\376\377\0004\000.\0004\000.\0002\000\040\000C\000o\000n\000s\000t\000r\000u\000c\000t\000o\000r\000\040\000\046\000\040\000D\000e\000s\000t\000r\000u\000c\000t\000o\000r\000\040\000D\000o\000c\000u\000m\000e\000n\000t\000a\000t\000i\000o\000n}{section.4.4}% 84
\BOOKMARK [3][-]{subsubsection.4.4.2.1}{\376\377\0004\000.\0004\000.\0002\000.\0001\000\040\000I\000m\000a\000g\000e\000\050\000\051\000\040\000[\0001\000/\0003\000]}{subsection.4.4.2}% 85
\BOOKMARK [3][-]{subsubsection.4.4.2.2}{\376\377\0004\000.\0004\000.\0002\000.\0002\000\040\000I\000m\000a\000g\000e\000\050\000\051\000\040\000[\0002\000/\0003\000]}{subsection.4.4.2}% 86
